#
# There is insufficient memory for the Java Runtime Environment to continue.
# Native memory allocation (mmap) failed to map 123731968 bytes for G1 virtual space
# Possible reasons:
#   The system is out of physical RAM or swap space
#   The process is running with CompressedOops enabled, and the Java Heap may be blocking the growth of the native heap
# Possible solutions:
#   Reduce memory load on the system
#   Increase physical memory or swap space
#   Check if swap backing store is full
#   Decrease Java heap size (-Xmx/-Xms)
#   Decrease number of Java threads
#   Decrease Java thread stack sizes (-Xss)
#   Set larger code cache with -XX:ReservedCodeCacheSize=
#   JVM is running with Unscaled Compressed Oops mode in which the Java heap is
#     placed in the first 4GB address space. The Java Heap base address is the
#     maximum limit for the native heap growth. Please use -XX:HeapBaseMinAddress
#     to set the Java Heap base and to place the Java Heap above 4GB virtual address.
# This output file may be truncated or incomplete.
#
#  Out of Memory Error (os_windows.cpp:3559), pid=2688, tid=3992
#
# JRE version:  (17.0.7+7) (build )
# Java VM: OpenJDK 64-Bit Server VM (17.0.7+7, mixed mode, sharing, tiered, compressed oops, compressed class ptrs, g1 gc, windows-amd64)
# No core dump will be written. Minidumps are not enabled by default on client versions of Windows
#

---------------  S U M M A R Y ------------

Command Line: -Dfile.encoding=UTF-8 --module-path=C:\Users\santo\OneDrive\Escritorio\PetShop\PetShop\build\classes petshop.Controlador

Host: AMD Ryzen 3 4300U with Radeon Graphics         , 4 cores, 7G,  Windows 11 , 64 bit Build 22621 (10.0.22621.2070)
Time: Wed Sep 13 18:29:41 2023 Hora estándar de Argentina elapsed time: 0.035367 seconds (0d 0h 0m 0s)

---------------  T H R E A D  ---------------

Current thread (0x000001efa3e76b90):  JavaThread "Unknown thread" [_thread_in_vm, id=3992, stack(0x0000001936700000,0x0000001936800000)]

Stack: [0x0000001936700000,0x0000001936800000]
Native frames: (J=compiled Java code, j=interpreted, Vv=VM code, C=native code)
V  [jvm.dll+0x67754a]
V  [jvm.dll+0x834304]
V  [jvm.dll+0x835aae]
V  [jvm.dll+0x836113]
V  [jvm.dll+0x24696f]
V  [jvm.dll+0x6743f9]
V  [jvm.dll+0x668c8a]
V  [jvm.dll+0x3061bb]
V  [jvm.dll+0x30d6a6]
V  [jvm.dll+0x35cece]
V  [jvm.dll+0x35d0ff]
V  [jvm.dll+0x2dd048]
V  [jvm.dll+0x2ddfb4]
V  [jvm.dll+0x8066d1]
V  [jvm.dll+0x36ac91]
V  [jvm.dll+0x7e5cec]
V  [jvm.dll+0x3ed56f]
V  [jvm.dll+0x3ef0a1]
C  [jli.dll+0x528b]
C  [ucrtbase.dll+0x29363]
C  [KERNEL32.DLL+0x126ad]
C  [ntdll.dll+0x5aa68]


---------------  P R O C E S S  ---------------

Threads class SMR info:
_java_thread_list=0x00007ffc20807018, length=0, elements={
}

Java Threads: ( => current thread )

Other Threads:
  0x000001efa3ece860 GCTaskThread "GC Thread#0" [stack: 0x0000001936800000,0x0000001936900000] [id=15128]
  0x000001efa3edf4d0 ConcurrentGCThread "G1 Main Marker" [stack: 0x0000001936900000,0x0000001936a00000] [id=13856]
  0x000001efa3ee07e0 ConcurrentGCThread "G1 Conc#0" [stack: 0x0000001936a00000,0x0000001936b00000] [id=4116]

[error occurred during error reporting (printing all threads), id 0xc0000005, EXCEPTION_ACCESS_VIOLATION (0xc0000005) at pc=0x00007ffc1ffddaf7]

VM state: not at safepoint (not fully initialized)

VM Mutex/Monitor currently owned by a thread:  ([mutex/lock_event])
[0x000001efa3e723f0] Heap_lock - owner thread: 0x000001efa3e76b90

Heap address: 0x000000008a200000, size: 1886 MB, Compressed Oops mode: 32-bit

CDS archive(s) mapped at: [0x0000000000000000-0x0000000000000000-0x0000000000000000), size 0, SharedBaseAddress: 0x0000000800000000, ArchiveRelocationMode: 0.
Narrow klass base: 0x0000000000000000, Narrow klass shift: 0, Narrow klass range: 0x0

GC Precious Log:
<Empty>

Heap:
 garbage-first heap   total 0K, used 0K [0x000000008a200000, 0x0000000100000000)
  region size 1024K, 0 young (0K), 0 survivors (0K)

[error occurred during error reporting (printing heap information), id 0xc0000005, EXCEPTION_ACCESS_VIOLATION (0xc0000005) at pc=0x00007ffc203c0db9]

GC Heap History (0 events):
No events

Dll operation events (1 events):
Event: 0.024 Loaded shared library C:\Users\santo\AppData\Local\Programs\Eclipse Adoptium\jdk-17.0.7.7-hotspot\bin\java.dll

Deoptimization events (0 events):
No events

Classes unloaded (0 events):
No events

Classes redefined (0 events):
No events

Internal exceptions (0 events):
No events

VM Operations (0 events):
No events

Events (0 events):
No events


Dynamic libraries:
0x00007ff7d0030000 - 0x00007ff7d003e000 	C:\Users\santo\AppData\Local\Programs\Eclipse Adoptium\jdk-17.0.7.7-hotspot\bin\java.exe
0x00007ffc8ecd0000 - 0x00007ffc8eee4000 	C:\WINDOWS\SYSTEM32\ntdll.dll
0x00007ffc8cd40000 - 0x00007ffc8ce04000 	C:\WINDOWS\System32\KERNEL32.DLL
0x00007ffc8c300000 - 0x00007ffc8c6a4000 	C:\WINDOWS\System32\KERNELBASE.dll
0x00007ffc8c970000 - 0x00007ffc8ca81000 	C:\WINDOWS\System32\ucrtbase.dll
0x00007ffc5cdc0000 - 0x00007ffc5cdd7000 	C:\Users\santo\AppData\Local\Programs\Eclipse Adoptium\jdk-17.0.7.7-hotspot\bin\jli.dll
0x00007ffc8d5c0000 - 0x00007ffc8d76a000 	C:\WINDOWS\System32\USER32.dll
0x00007ffc8c940000 - 0x00007ffc8c966000 	C:\WINDOWS\System32\win32u.dll
0x00007ffc8cd10000 - 0x00007ffc8cd39000 	C:\WINDOWS\System32\GDI32.dll
0x00007ffc8c6b0000 - 0x00007ffc8c7c9000 	C:\WINDOWS\System32\gdi32full.dll
0x00007ffc8c0b0000 - 0x00007ffc8c14a000 	C:\WINDOWS\System32\msvcp_win.dll
0x00007ffc72940000 - 0x00007ffc72959000 	C:\Users\santo\AppData\Local\Programs\Eclipse Adoptium\jdk-17.0.7.7-hotspot\bin\VCRUNTIME140.dll
0x00007ffc6dbc0000 - 0x00007ffc6de4f000 	C:\WINDOWS\WinSxS\amd64_microsoft.windows.common-controls_6595b64144ccf1df_6.0.22621.2070_none_2713e6537381f706\COMCTL32.dll
0x00007ffc8ce10000 - 0x00007ffc8ceb7000 	C:\WINDOWS\System32\msvcrt.dll
0x00007ffc8d500000 - 0x00007ffc8d531000 	C:\WINDOWS\System32\IMM32.DLL
0x00007ffc78530000 - 0x00007ffc7853c000 	C:\Users\santo\AppData\Local\Programs\Eclipse Adoptium\jdk-17.0.7.7-hotspot\bin\vcruntime140_1.dll
0x00007ffc52b70000 - 0x00007ffc52c01000 	C:\Users\santo\AppData\Local\Programs\Eclipse Adoptium\jdk-17.0.7.7-hotspot\bin\msvcp140.dll
0x00007ffc1fcf0000 - 0x00007ffc20938000 	C:\Users\santo\AppData\Local\Programs\Eclipse Adoptium\jdk-17.0.7.7-hotspot\bin\server\jvm.dll
0x00007ffc8e410000 - 0x00007ffc8e4c0000 	C:\WINDOWS\System32\ADVAPI32.dll
0x00007ffc8ca90000 - 0x00007ffc8cb36000 	C:\WINDOWS\System32\sechost.dll
0x00007ffc8d950000 - 0x00007ffc8da67000 	C:\WINDOWS\System32\RPCRT4.dll
0x00007ffc85c90000 - 0x00007ffc85c99000 	C:\WINDOWS\SYSTEM32\WSOCK32.dll
0x00007ffc8d540000 - 0x00007ffc8d5b1000 	C:\WINDOWS\System32\WS2_32.dll
0x00007ffc82c90000 - 0x00007ffc82cc4000 	C:\WINDOWS\SYSTEM32\WINMM.dll
0x00007ffc828b0000 - 0x00007ffc828ba000 	C:\WINDOWS\SYSTEM32\VERSION.dll
0x00007ffc8b0e0000 - 0x00007ffc8b0f8000 	C:\WINDOWS\SYSTEM32\kernel.appcore.dll
0x00007ffc72730000 - 0x00007ffc7273a000 	C:\Users\santo\AppData\Local\Programs\Eclipse Adoptium\jdk-17.0.7.7-hotspot\bin\jimage.dll
0x00007ffc788a0000 - 0x00007ffc78ace000 	C:\WINDOWS\SYSTEM32\DBGHELP.DLL
0x00007ffc8e4c0000 - 0x00007ffc8e84a000 	C:\WINDOWS\System32\combase.dll
0x00007ffc8eb00000 - 0x00007ffc8ebd7000 	C:\WINDOWS\System32\OLEAUT32.dll
0x00007ffc6c560000 - 0x00007ffc6c592000 	C:\WINDOWS\SYSTEM32\dbgcore.DLL
0x00007ffc8c1c0000 - 0x00007ffc8c23a000 	C:\WINDOWS\System32\bcryptPrimitives.dll
0x00007ffc72740000 - 0x00007ffc72765000 	C:\Users\santo\AppData\Local\Programs\Eclipse Adoptium\jdk-17.0.7.7-hotspot\bin\java.dll

dbghelp: loaded successfully - version: 4.0.5 - missing functions: none
symbol engine: initialized successfully - sym options: 0x614 - pdb path: .;C:\Users\santo\AppData\Local\Programs\Eclipse Adoptium\jdk-17.0.7.7-hotspot\bin;C:\WINDOWS\SYSTEM32;C:\WINDOWS\WinSxS\amd64_microsoft.windows.common-controls_6595b64144ccf1df_6.0.22621.2070_none_2713e6537381f706;C:\Users\santo\AppData\Local\Programs\Eclipse Adoptium\jdk-17.0.7.7-hotspot\bin\server

VM Arguments:
jvm_args: -Dfile.encoding=UTF-8 --module-path=C:\Users\santo\OneDrive\Escritorio\PetShop\PetShop\build\classes 
java_command: petshop.Controlador
java_class_path (initial): C:\Users\santo\OneDrive\Escritorio\PetShop\PetShop\build\classes
Launcher Type: SUN_STANDARD

[Global flags]
     intx CICompilerCount                          = 3                                         {product} {ergonomic}
     uint ConcGCThreads                            = 1                                         {product} {ergonomic}
     uint G1ConcRefinementThreads                  = 4                                         {product} {ergonomic}
   size_t G1HeapRegionSize                         = 1048576                                   {product} {ergonomic}
    uintx GCDrainStackTargetSize                   = 64                                        {product} {ergonomic}
   size_t InitialHeapSize                          = 123731968                                 {product} {ergonomic}
   size_t MarkStackSize                            = 4194304                                   {product} {ergonomic}
   size_t MaxHeapSize                              = 1977614336                                {product} {ergonomic}
   size_t MinHeapDeltaBytes                        = 1048576                                   {product} {ergonomic}
   size_t MinHeapSize                              = 8388608                                   {product} {ergonomic}
    uintx NonNMethodCodeHeapSize                   = 5832780                                {pd product} {ergonomic}
    uintx NonProfiledCodeHeapSize                  = 122912730                              {pd product} {ergonomic}
    uintx ProfiledCodeHeapSize                     = 122912730                              {pd product} {ergonomic}
    uintx ReservedCodeCacheSize                    = 251658240                              {pd product} {ergonomic}
     bool SegmentedCodeCache                       = true                                      {product} {ergonomic}
   size_t SoftMaxHeapSize                          = 1977614336                             {manageable} {ergonomic}
     bool UseCompressedClassPointers               = true                           {product lp64_product} {ergonomic}
     bool UseCompressedOops                        = true                           {product lp64_product} {ergonomic}
     bool UseG1GC                                  = true                                      {product} {ergonomic}
     bool UseLargePagesIndividualAllocation        = false                                  {pd product} {ergonomic}

Logging:
Log output configuration:
 #0: stdout all=warning uptime,level,tags
 #1: stderr all=off uptime,level,tags

Environment Variables:
JAVA_HOME=C:\Users\santo\AppData\Local\Programs\Eclipse Adoptium\jdk-17.0.7.7-hotspot\
PATH=C:\Program Files (x86)\Common Files\Oracle\Java\javapath;C:\WINDOWS\system32;C:\WINDOWS;C:\WINDOWS\System32\Wbem;C:\WINDOWS\System32\WindowsPowerShell\v1.0\;C:\WINDOWS\System32\OpenSSH\;C:\Program Files\Git\cmd;C:\Users\santo\AppData\Local\Programs\Eclipse Adoptium\jdk-17.0.7.7-hotspot\bin;C:\Program Files\MySQL\MySQL Shell 8.0\bin\;C:\Users\santo\AppData\Local\Microsoft\WindowsApps;C:\Users\santo\AppData\Local\Programs\Microsoft VS Code\bin;C:\Users\santo\AppData\Local\GitHubDesktop\bin
USERNAME=santo
OS=Windows_NT
PROCESSOR_IDENTIFIER=AMD64 Family 23 Model 96 Stepping 1, AuthenticAMD
TMP=C:\Users\santo\AppData\Local\Temp
TEMP=C:\Users\santo\AppData\Local\Temp



---------------  S Y S T E M  ---------------

OS:
 Windows 11 , 64 bit Build 22621 (10.0.22621.2070)
OS uptime: 0 days 19:22 hours
Hyper-V role detected

CPU: total 4 (initial active 4) (4 cores per cpu, 1 threads per core) family 23 model 96 stepping 1 microcode 0x0, cx8, cmov, fxsr, mmx, 3dnowpref, sse, sse2, sse3, ssse3, sse4a, sse4.1, sse4.2, popcnt, lzcnt, tsc, tscinvbit, avx, avx2, aes, clmul, bmi1, bmi2, adx, sha, fma, vzeroupper, clflush, clflushopt, hv

Memory: 4k page, system-wide physical 7541M (297M free)
TotalPageFile size 14131M (AvailPageFile size 28M)
current process WorkingSet (physical memory assigned to process): 10M, peak: 10M
current process commit charge ("private bytes"): 51M, peak: 169M

vm_info: OpenJDK 64-Bit Server VM (17.0.7+7) for windows-amd64 JRE (17.0.7+7), built on Apr 18 2023 22:10:42 by "temurin" with MS VC++ 16.7 (VS2019)

END.
